<?xml version="1.0" encoding="UTF-8"?>
<testsuite xmlns:xsi="http://www.w3.org/2001/XMLSchema-instance" xsi:noNamespaceSchemaLocation="https://maven.apache.org/surefire/maven-surefire-plugin/xsd/surefire-test-report-3.0.xsd" version="3.0" name="com.example.gestaoHospitalar.GestaoHospitalarApplicationTests" time="4.558" tests="1" errors="0" skipped="0" failures="0">
  <properties>
[...]
</properties>
  <testcase name="contextLoads" classname="com.example.gestaoHospitalar.GestaoHospitalarApplicationTests" time="1.581">
    <system-out><![CDATA[15:18:31.650 [main] INFO org.springframework.test.context.support.AnnotationConfigContextLoaderUtils -- Could not detect default configuration classes for test class [com.example.gestaoHospitalar.GestaoHospitalarApplicationTests]: GestaoHospitalarApplicationTests does not declare any static, non-private, non-final, nested classes annotated with @Configuration.
15:18:31.798 [main] INFO org.springframework.boot.test.context.SpringBootTestContextBootstrapper -- Found @SpringBootConfiguration com.example.gestaoHospitalar.GestaoHospitalarApplication for test class com.example.gestaoHospitalar.GestaoHospitalarApplicationTests
15:18:32.039 [main] INFO org.springframework.boot.devtools.restart.RestartApplicationListener -- Restart disabled due to context in which it is running

  .   ____          _            __ _ _
 /\\ / ___'_ __ _ _(_)_ __  __ _ \ \ \ \
( ( )\___ | '_ | '_| | '_ \/ _` | \ \ \ \
 \\/  ___)| |_)| | | | | || (_| |  ) ) ) )
  '  |____| .__|_| |_|_| |_\__, | / / / /
 =========|_|==============|___/=/_/_/_/

 :: Spring Boot ::                (v3.3.5)

2024-11-09T15:18:32.489-03:00  INFO 32796 --- [gestaoHospitalar] [           main] c.e.g.GestaoHospitalarApplicationTests   : Starting GestaoHospitalarApplicationTests using Java 23.0.1 with PID 32796 (started by rafael.f.a.oliveira in C:\Users\rafael.f.a.oliveira\gestaoHospitalar\gestaoHospitalar)
2024-11-09T15:18:32.491-03:00  INFO 32796 --- [gestaoHospitalar] [           main] c.e.g.GestaoHospitalarApplicationTests   : No active profile set, falling back to 1 default profile: "default"
2024-11-09T15:18:34.394-03:00  INFO 32796 --- [gestaoHospitalar] [           main] c.e.g.GestaoHospitalarApplicationTests   : Started GestaoHospitalarApplicationTests in 2.375 seconds (process running for 4.058)
]]></system-out>
    <system-err><![CDATA[WARNING: A Java agent has been loaded dynamically (C:\Users\rafael.f.a.oliveira\.m2\repository\net\bytebuddy\byte-buddy-agent\1.14.19\byte-buddy-agent-1.14.19.jar)
WARNING: If a serviceability tool is in use, please run with -XX:+EnableDynamicAgentLoading to hide this warning
WARNING: If a serviceability tool is not in use, please run with -Djdk.instrument.traceUsage for more information
WARNING: Dynamic loading of agents will be disallowed by default in a future release
]]></system-err>
  </testcase>
</testsuite>